GDRE Tools v0.5.3
Windows 10.0.19045, NVIDIA GeForce GTX 1650 Ti/PCIe/SSE2, opengl3
Extracted 56 files, no errors detected!
USER WARNING: Converting lossy imports, you may lose fidelity for indicated assets when re-importing upon loading the project
   at: ImportExporter::_export_imports (modules\gdsdecomp\utility\import_exporter.cpp:55)
Script version 3.5.x (rev 0xa7aad78) detected
Saved project config to C:/Users/tommy/Desktop/impossibrawler/source/project.godot
Saved project config to C:/Users/tommy/Desktop/impossibrawler/source/project.godot


********************************EXPORT REPORT********************************

Totals:                                 
Decompiled scripts:                     12
Failed scripts:                         0
Imported resources for export session:  56
Successfully converted:                 11
Lossy:                                  0
Rewrote metadata:                       0
Non-importable conversions:             0
Not converted:                          0
Failed conversions:                     0
-------------



------------------------------------------------------------------------------------

Use Godot editor version 3.5 to edit the project.
Note: the project may be using a custom version of Godot. Detection for this has not been implemented yet.
If you find that you have many non-import errors upon opening the project 
(i.e. scripts or shaders have many errors), use the original game's binary as the export template.

*******************************************************************************

